build/app/intermediates/manifest_merge_blame_file/release/manifest-merger-blame-release-report.txt
1<?xml version="1.0" encoding="utf-8"?>
2<manifest xmlns:android="http://schemas.android.com/apk/res/android"
3    package="com.example.pos_linear"
4    android:versionCode="1"
5    android:versionName="1.0.0" >
6
7    <uses-sdk
8        android:minSdkVersion="21"
8-->src\main\AndroidManifest.xml
9        android:targetSdkVersion="31" />
9-->src\main\AndroidManifest.xml
10
11    <uses-permission android:name="android.permission.INTERNET" />
11-->src\main\AndroidManifest.xml:34:5-66
11-->src\main\AndroidManifest.xml:34:22-64
12    <uses-permission android:name="android.permission.ACCESS_NETWORK_STATE" />
12-->src\main\AndroidManifest.xml:35:5-78
12-->src\main\AndroidManifest.xml:35:22-76
13
14    <uses-feature android:name="android.hardware.usb.host" />
14-->src\main\AndroidManifest.xml:36:5-61
14-->src\main\AndroidManifest.xml:36:19-59
15    <uses-feature
15-->[:flutter_pos_printer_platform_image_3] AndroidManifest.xml:9:5-11:36
16        android:name="android.hardware.bluetooth"
16-->[:flutter_pos_printer_platform_image_3] AndroidManifest.xml:10:9-50
17        android:required="false" />
17-->[:flutter_pos_printer_platform_image_3] AndroidManifest.xml:11:9-33
18
19    <uses-permission android:name="android.permission.ACCESS_FINE_LOCATION" />
19-->[:flutter_pos_printer_platform_image_3] AndroidManifest.xml:13:5-79
19-->[:flutter_pos_printer_platform_image_3] AndroidManifest.xml:13:22-76
20    <uses-permission android:name="android.permission.ACCESS_COARSE_LOCATION" /> <!-- BLUETOOTH PERMISSION -->
20-->[:flutter_pos_printer_platform_image_3] AndroidManifest.xml:14:5-81
20-->[:flutter_pos_printer_platform_image_3] AndroidManifest.xml:14:22-78
21    <!-- Request legacy Bluetooth permissions on older devices. -->
22    <uses-permission android:name="android.permission.BLUETOOTH" />
22-->[:flutter_pos_printer_platform_image_3] AndroidManifest.xml:17:5-68
22-->[:flutter_pos_printer_platform_image_3] AndroidManifest.xml:17:22-65
23    <uses-permission android:name="android.permission.BLUETOOTH_ADMIN" />
23-->[:flutter_pos_printer_platform_image_3] AndroidManifest.xml:18:5-74
23-->[:flutter_pos_printer_platform_image_3] AndroidManifest.xml:18:22-71
24    <!--
25         Needed only if your app looks for Bluetooth devices.
26             If your app doesn't use Bluetooth scan results to derive physical
27             location information, you can strongly assert that your app
28             doesn't derive physical location.
29    -->
30    <uses-permission android:name="android.permission.BLUETOOTH_SCAN" />
30-->[:flutter_pos_printer_platform_image_3] AndroidManifest.xml:25:5-73
30-->[:flutter_pos_printer_platform_image_3] AndroidManifest.xml:25:22-70
31    <!--
32      Needed only if your app makes the device discoverable to Bluetooth
33      devices.
34    -->
35    <uses-permission android:name="android.permission.BLUETOOTH_ADVERTISE" />
35-->[:flutter_pos_printer_platform_image_3] AndroidManifest.xml:30:5-78
35-->[:flutter_pos_printer_platform_image_3] AndroidManifest.xml:30:22-75
36    <!--
37         Needed only if your app communicates with already-paired Bluetooth
38           devices.
39    -->
40    <uses-permission android:name="android.permission.BLUETOOTH_CONNECT" />
40-->[:flutter_pos_printer_platform_image_3] AndroidManifest.xml:35:5-76
40-->[:flutter_pos_printer_platform_image_3] AndroidManifest.xml:35:22-73
41    <uses-permission android:name="android.permission.ACCESS_WIFI_STATE" />
41-->[:network_info_plus] AndroidManifest.xml:10:5-76
41-->[:network_info_plus] AndroidManifest.xml:10:22-73
42    <uses-permission
42-->[:file_picker] AndroidManifest.xml:9:5-11:38
43        android:name="android.permission.READ_EXTERNAL_STORAGE"
43-->[:file_picker] AndroidManifest.xml:10:9-64
44        android:maxSdkVersion="32" />
44-->[:file_picker] AndroidManifest.xml:11:9-35
45
46    <queries>
46-->[:file_picker] AndroidManifest.xml:13:5-19:15
47        <intent>
47-->[:file_picker] AndroidManifest.xml:14:9-18:18
48            <action android:name="android.intent.action.GET_CONTENT" />
48-->[:file_picker] AndroidManifest.xml:15:13-72
48-->[:file_picker] AndroidManifest.xml:15:21-69
49
50            <data android:mimeType="*/*" />
50-->[:file_picker] AndroidManifest.xml:17:13-44
50-->[:file_picker] AndroidManifest.xml:17:19-41
51        </intent>
52    </queries>
53
54    <uses-permission android:name="android.permission.FOREGROUND_SERVICE" />
54-->[:assets_audio_player] AndroidManifest.xml:9:5-77
54-->[:assets_audio_player] AndroidManifest.xml:9:22-74
55    <uses-permission android:name="android.permission.VIBRATE" />
55-->[:assets_audio_player] AndroidManifest.xml:10:5-66
55-->[:assets_audio_player] AndroidManifest.xml:10:22-63
56    <uses-permission android:name="android.permission.WAKE_LOCK" />
56-->[:assets_audio_player] AndroidManifest.xml:11:5-68
56-->[:assets_audio_player] AndroidManifest.xml:11:22-65
57    <uses-permission android:name="android.permission.WRITE_EXTERNAL_STORAGE" />
58    <uses-permission android:name="android.permission.READ_PHONE_STATE" />
59
60    <permission
60-->[androidx.core:core:1.10.1] AndroidManifest.xml:22:5-24:47
61        android:name="com.example.pos_linear.DYNAMIC_RECEIVER_NOT_EXPORTED_PERMISSION"
61-->[androidx.core:core:1.10.1] AndroidManifest.xml:23:9-81
62        android:protectionLevel="signature" />
62-->[androidx.core:core:1.10.1] AndroidManifest.xml:24:9-44
63
64    <uses-permission android:name="com.example.pos_linear.DYNAMIC_RECEIVER_NOT_EXPORTED_PERMISSION" />
64-->[androidx.core:core:1.10.1] AndroidManifest.xml:26:5-97
64-->[androidx.core:core:1.10.1] AndroidManifest.xml:26:22-94
65
66    <application
67        android:name="android.app.Application"
67-->src\main\AndroidManifest.xml:2:45-78
68        android:appComponentFactory="androidx.core.app.CoreComponentFactory"
68-->[androidx.core:core:1.10.1] AndroidManifest.xml:28:18-86
69        android:icon="@mipmap/launcher_icon"
69-->src\main\AndroidManifest.xml:2:79-115
70        android:label="linear_pos" >
70-->src\main\AndroidManifest.xml:2:18-44
71        <activity
71-->src\main\AndroidManifest.xml:3:9-23:20
72            android:name="com.example.pos_linear.MainActivity"
72-->src\main\AndroidManifest.xml:3:19-47
73            android:configChanges="orientation|keyboardHidden|keyboard|screenSize|smallestScreenSize|locale|layoutDirection|fontScale|screenLayout|density|uiMode"
73-->src\main\AndroidManifest.xml:3:138-288
74            android:exported="true"
74-->src\main\AndroidManifest.xml:3:48-71
75            android:hardwareAccelerated="true"
75-->src\main\AndroidManifest.xml:3:289-323
76            android:launchMode="singleTop"
76-->src\main\AndroidManifest.xml:3:72-102
77            android:theme="@style/LaunchTheme"
77-->src\main\AndroidManifest.xml:3:103-137
78            android:windowSoftInputMode="adjustResize" >
78-->src\main\AndroidManifest.xml:3:324-366
79
80            <!--
81                 Specifies an Android theme to apply to this Activity as soon as
82                 the Android process has started. This theme is visible to the user
83                 while the Flutter UI initializes. After that, this theme continues
84                 to determine the Window background behind the Flutter UI.
85            -->
86            <meta-data
86-->src\main\AndroidManifest.xml:8:13-119
87                android:name="io.flutter.embedding.android.NormalTheme"
87-->src\main\AndroidManifest.xml:8:24-79
88                android:resource="@style/NormalTheme" />
88-->src\main\AndroidManifest.xml:8:80-117
89
90            <intent-filter>
90-->src\main\AndroidManifest.xml:9:13-14:29
91                <action android:name="android.intent.action.MAIN" />
91-->src\main\AndroidManifest.xml:10:17-68
91-->src\main\AndroidManifest.xml:10:25-66
92
93                <category android:name="android.intent.category.LAUNCHER" />
93-->src\main\AndroidManifest.xml:11:17-76
93-->src\main\AndroidManifest.xml:11:27-74
94            </intent-filter>
95            <intent-filter>
95-->src\main\AndroidManifest.xml:15:13-18:26
96                <action android:name="android.hardware.usb.action.USB_DEVICE_ATTACHED" />
96-->src\main\AndroidManifest.xml:17:11-83
96-->src\main\AndroidManifest.xml:17:19-81
97            </intent-filter>
98        </activity>
99        <activity
99-->src\main\AndroidManifest.xml:24:10-163
100            android:name="com.yalantis.ucrop.UCropActivity"
100-->src\main\AndroidManifest.xml:24:20-67
101            android:screenOrientation="portrait"
101-->src\main\AndroidManifest.xml:24:68-104
102            android:theme="@style/Theme.AppCompat.Light.NoActionBar" />
102-->src\main\AndroidManifest.xml:24:105-161
103        <!--
104             Don't delete the meta-data below.
105             This is used by the Flutter tool to generate GeneratedPluginRegistrant.java
106        -->
107        <meta-data
107-->src\main\AndroidManifest.xml:27:9-71
108            android:name="flutterEmbedding"
108-->src\main\AndroidManifest.xml:27:20-51
109            android:value="2" />
109-->src\main\AndroidManifest.xml:27:52-69
110        <meta-data
110-->src\main\AndroidManifest.xml:28:9-122
111            android:name="android.hardware.usb.action.USB_DEVICE_ATTACHED"
111-->src\main\AndroidManifest.xml:28:20-82
112            android:resource="@xml/device_filter" />
112-->src\main\AndroidManifest.xml:28:83-120
113
114        <provider
114-->[:image_picker_android] AndroidManifest.xml:10:9-18:20
115            android:name="io.flutter.plugins.imagepicker.ImagePickerFileProvider"
115-->[:image_picker_android] AndroidManifest.xml:11:13-82
116            android:authorities="com.example.pos_linear.flutter.image_provider"
116-->[:image_picker_android] AndroidManifest.xml:12:13-74
117            android:exported="false"
117-->[:image_picker_android] AndroidManifest.xml:13:13-37
118            android:grantUriPermissions="true" >
118-->[:image_picker_android] AndroidManifest.xml:14:13-47
119            <meta-data
119-->[:image_picker_android] AndroidManifest.xml:15:13-17:75
120                android:name="android.support.FILE_PROVIDER_PATHS"
120-->[:image_picker_android] AndroidManifest.xml:16:17-67
121                android:resource="@xml/flutter_image_picker_file_paths" />
121-->[:image_picker_android] AndroidManifest.xml:17:17-72
122        </provider>
123
124        <receiver
124-->[:assets_audio_player] AndroidManifest.xml:14:9-20:20
125            android:name="com.github.florent37.assets_audio_player.notification.NotificationActionReceiver"
125-->[:assets_audio_player] AndroidManifest.xml:15:13-108
126            android:exported="true" >
126-->[:assets_audio_player] AndroidManifest.xml:16:13-36
127            <intent-filter>
127-->[:assets_audio_player] AndroidManifest.xml:17:13-19:29
128                <action android:name="android.intent.action.MEDIA_BUTTON" />
128-->[:assets_audio_player] AndroidManifest.xml:18:17-77
128-->[:assets_audio_player] AndroidManifest.xml:18:25-74
129            </intent-filter>
130        </receiver>
131        <receiver
131-->[:assets_audio_player] AndroidManifest.xml:21:9-27:20
132            android:name="com.github.florent37.assets_audio_player.notification.CustomMediaButtonReceiver"
132-->[:assets_audio_player] AndroidManifest.xml:22:13-107
133            android:exported="true" >
133-->[:assets_audio_player] AndroidManifest.xml:23:13-36
134            <intent-filter>
134-->[:assets_audio_player] AndroidManifest.xml:17:13-19:29
135                <action android:name="android.intent.action.MEDIA_BUTTON" />
135-->[:assets_audio_player] AndroidManifest.xml:18:17-77
135-->[:assets_audio_player] AndroidManifest.xml:18:25-74
136            </intent-filter>
137        </receiver>
138
139        <service
139-->[:assets_audio_player] AndroidManifest.xml:29:9-40:19
140            android:name="com.github.florent37.assets_audio_player.notification.NotificationService"
140-->[:assets_audio_player] AndroidManifest.xml:30:13-101
141            android:enabled="true"
141-->[:assets_audio_player] AndroidManifest.xml:31:13-35
142            android:exported="true"
142-->[:assets_audio_player] AndroidManifest.xml:32:13-36
143            android:foregroundServiceType="mediaPlayback" >
143-->[:assets_audio_player] AndroidManifest.xml:33:13-58
144            <intent-filter>
144-->[:assets_audio_player] AndroidManifest.xml:34:13-36:29
145                <action android:name="android.media.browse.MediaBrowserService" />
145-->[:assets_audio_player] AndroidManifest.xml:35:17-83
145-->[:assets_audio_player] AndroidManifest.xml:35:25-80
146            </intent-filter>
147            <intent-filter>
147-->[:assets_audio_player] AndroidManifest.xml:17:13-19:29
148                <action android:name="android.intent.action.MEDIA_BUTTON" />
148-->[:assets_audio_player] AndroidManifest.xml:18:17-77
148-->[:assets_audio_player] AndroidManifest.xml:18:25-74
149            </intent-filter>
150        </service>
151
152        <uses-library
152-->[androidx.window:window:1.0.0-beta04] AndroidManifest.xml:25:9-27:40
153            android:name="androidx.window.extensions"
153-->[androidx.window:window:1.0.0-beta04] AndroidManifest.xml:26:13-54
154            android:required="false" />
154-->[androidx.window:window:1.0.0-beta04] AndroidManifest.xml:27:13-37
155        <uses-library
155-->[androidx.window:window:1.0.0-beta04] AndroidManifest.xml:28:9-30:40
156            android:name="androidx.window.sidecar"
156-->[androidx.window:window:1.0.0-beta04] AndroidManifest.xml:29:13-51
157            android:required="false" />
157-->[androidx.window:window:1.0.0-beta04] AndroidManifest.xml:30:13-37
158
159        <provider
159-->[androidx.profileinstaller:profileinstaller:1.3.0] AndroidManifest.xml:24:9-32:20
160            android:name="androidx.startup.InitializationProvider"
160-->[androidx.profileinstaller:profileinstaller:1.3.0] AndroidManifest.xml:25:13-67
161            android:authorities="com.example.pos_linear.androidx-startup"
161-->[androidx.profileinstaller:profileinstaller:1.3.0] AndroidManifest.xml:26:13-68
162            android:exported="false" >
162-->[androidx.profileinstaller:profileinstaller:1.3.0] AndroidManifest.xml:27:13-37
163            <meta-data
163-->[androidx.profileinstaller:profileinstaller:1.3.0] AndroidManifest.xml:29:13-31:52
164                android:name="androidx.profileinstaller.ProfileInstallerInitializer"
164-->[androidx.profileinstaller:profileinstaller:1.3.0] AndroidManifest.xml:30:17-85
165                android:value="androidx.startup" />
165-->[androidx.profileinstaller:profileinstaller:1.3.0] AndroidManifest.xml:31:17-49
166        </provider>
167
168        <receiver
168-->[androidx.profileinstaller:profileinstaller:1.3.0] AndroidManifest.xml:34:9-52:20
169            android:name="androidx.profileinstaller.ProfileInstallReceiver"
169-->[androidx.profileinstaller:profileinstaller:1.3.0] AndroidManifest.xml:35:13-76
170            android:directBootAware="false"
170-->[androidx.profileinstaller:profileinstaller:1.3.0] AndroidManifest.xml:36:13-44
171            android:enabled="true"
171-->[androidx.profileinstaller:profileinstaller:1.3.0] AndroidManifest.xml:37:13-35
172            android:exported="true"
172-->[androidx.profileinstaller:profileinstaller:1.3.0] AndroidManifest.xml:38:13-36
173            android:permission="android.permission.DUMP" >
173-->[androidx.profileinstaller:profileinstaller:1.3.0] AndroidManifest.xml:39:13-57
174            <intent-filter>
174-->[androidx.profileinstaller:profileinstaller:1.3.0] AndroidManifest.xml:40:13-42:29
175                <action android:name="androidx.profileinstaller.action.INSTALL_PROFILE" />
175-->[androidx.profileinstaller:profileinstaller:1.3.0] AndroidManifest.xml:41:17-91
175-->[androidx.profileinstaller:profileinstaller:1.3.0] AndroidManifest.xml:41:25-88
176            </intent-filter>
177            <intent-filter>
177-->[androidx.profileinstaller:profileinstaller:1.3.0] AndroidManifest.xml:43:13-45:29
178                <action android:name="androidx.profileinstaller.action.SKIP_FILE" />
178-->[androidx.profileinstaller:profileinstaller:1.3.0] AndroidManifest.xml:44:17-85
178-->[androidx.profileinstaller:profileinstaller:1.3.0] AndroidManifest.xml:44:25-82
179            </intent-filter>
180            <intent-filter>
180-->[androidx.profileinstaller:profileinstaller:1.3.0] AndroidManifest.xml:46:13-48:29
181                <action android:name="androidx.profileinstaller.action.SAVE_PROFILE" />
181-->[androidx.profileinstaller:profileinstaller:1.3.0] AndroidManifest.xml:47:17-88
181-->[androidx.profileinstaller:profileinstaller:1.3.0] AndroidManifest.xml:47:25-85
182            </intent-filter>
183            <intent-filter>
183-->[androidx.profileinstaller:profileinstaller:1.3.0] AndroidManifest.xml:49:13-51:29
184                <action android:name="androidx.profileinstaller.action.BENCHMARK_OPERATION" />
184-->[androidx.profileinstaller:profileinstaller:1.3.0] AndroidManifest.xml:50:17-95
184-->[androidx.profileinstaller:profileinstaller:1.3.0] AndroidManifest.xml:50:25-92
185            </intent-filter>
186        </receiver>
187    </application>
188
189</manifest>